Traceback (most recent call last):
  File "/Users/theresa.bluemlein/Documents/causalinference/.figvenv/lib/python3.9/site-packages/jupyter_core/utils/__init__.py", line 154, in wrapped
    asyncio.get_running_loop()
RuntimeError: no running event loop

During handling of the above exception, another exception occurred:

Traceback (most recent call last):
  File "/Users/theresa.bluemlein/Documents/causalinference/.figvenv/lib/python3.9/site-packages/jupyter_cache/executors/utils.py", line 58, in single_nb_execution
    executenb(
  File "/Users/theresa.bluemlein/Documents/causalinference/.figvenv/lib/python3.9/site-packages/nbclient/client.py", line 1319, in execute
    return NotebookClient(nb=nb, resources=resources, km=km, **kwargs).execute()
  File "/Users/theresa.bluemlein/Documents/causalinference/.figvenv/lib/python3.9/site-packages/jupyter_core/utils/__init__.py", line 158, in wrapped
    return loop.run_until_complete(inner)
  File "/Library/Developer/CommandLineTools/Library/Frameworks/Python3.framework/Versions/3.9/lib/python3.9/asyncio/base_events.py", line 642, in run_until_complete
    return future.result()
  File "/Users/theresa.bluemlein/Documents/causalinference/.figvenv/lib/python3.9/site-packages/nbclient/client.py", line 709, in async_execute
    await self.async_execute_cell(
  File "/Users/theresa.bluemlein/Documents/causalinference/.figvenv/lib/python3.9/site-packages/nbclient/client.py", line 1062, in async_execute_cell
    await self._check_raise_for_error(cell, cell_index, exec_reply)
  File "/Users/theresa.bluemlein/Documents/causalinference/.figvenv/lib/python3.9/site-packages/nbclient/client.py", line 918, in _check_raise_for_error
    raise CellExecutionError.from_cell_and_msg(cell, exec_reply_content)
nbclient.exceptions.CellExecutionError: An error occurred while executing the following cell:
------------------
# Import LightGBM for modeling
import lightgbm as lgb
from sklearn.model_selection import train_test_split
from sklearn.metrics import roc_auc_score, classification_report

print("=== ADDING TREATMENT VARIABLES TO SYNTHETIC DATASET ===")

# Step 1: Create intent to treat (itt) - randomly assign 80% 
np.random.seed(2)  # Set seed for reproducible itt assignment
itt_synth = np.random.binomial(1, 0.8, n_synthetic)

print(f"Step 1 - Intent to treat assignment:")
print(f"itt=1: {itt_synth.sum():,} individuals ({itt_synth.mean():.1%})")
print(f"itt=0: {(itt_synth==0).sum():,} individuals ({(itt_synth==0).mean():.1%})")

# Add itt to synthetic dataset
df_synthetic['itt'] = itt_synth

print(f"\nUpdated df_synthetic shape: {df_synthetic.shape}")
------------------


[0;31m---------------------------------------------------------------------------[0m
[0;31mModuleNotFoundError[0m                       Traceback (most recent call last)
Cell [0;32mIn[10], line 2[0m
[1;32m      1[0m [38;5;66;03m# Import LightGBM for modeling[39;00m
[0;32m----> 2[0m [38;5;28;01mimport[39;00m[38;5;250m [39m[38;5;21;01mlightgbm[39;00m[38;5;250m [39m[38;5;28;01mas[39;00m[38;5;250m [39m[38;5;21;01mlgb[39;00m
[1;32m      3[0m [38;5;28;01mfrom[39;00m[38;5;250m [39m[38;5;21;01msklearn[39;00m[38;5;21;01m.[39;00m[38;5;21;01mmodel_selection[39;00m[38;5;250m [39m[38;5;28;01mimport[39;00m train_test_split
[1;32m      4[0m [38;5;28;01mfrom[39;00m[38;5;250m [39m[38;5;21;01msklearn[39;00m[38;5;21;01m.[39;00m[38;5;21;01mmetrics[39;00m[38;5;250m [39m[38;5;28;01mimport[39;00m roc_auc_score, classification_report

[0;31mModuleNotFoundError[0m: No module named 'lightgbm'

